[00:21:45] [main/WARN]: Ambiguity between arguments [teleport, location] and [teleport, destination] with inputs: [0.1 -0.5 .9, 0 0 0]
[00:21:45] [main/WARN]: Ambiguity between arguments [teleport, location] and [teleport, targets] with inputs: [0.1 -0.5 .9, 0 0 0]
[00:21:45] [main/WARN]: Ambiguity between arguments [teleport, targets] and [teleport, destination] with inputs: [Player, 0123, dd12be42-52a9-4a91-a8a1-11c01849e498]
[00:21:45] [main/WARN]: Ambiguity between arguments [teleport, targets, location] and [teleport, targets, destination] with inputs: [0.1 -0.5 .9, 0 0 0]
[00:21:45] [Server thread/INFO]: Starting minecraft server version 1.14.3
[00:21:45] [Server thread/INFO]: Loading properties
[00:21:45] [Server thread/INFO]: Default game type: SURVIVAL
[00:21:45] [Server thread/INFO]: Generating keypair
[00:21:46] [Server thread/INFO]: Starting Minecraft server on *:25565
[00:21:46] [Server thread/INFO]: Using default channel type
[00:21:49] [Server thread/INFO]: Preparing level "world"
[00:21:49] [Server thread/INFO]: Reloading ResourceManager: Default
[00:21:50] [Server thread/INFO]: Loaded 6 recipes
[00:21:50] [Server thread/INFO]: Loaded 811 advancements
[00:21:52] [Server thread/INFO]: Preparing start region for dimension minecraft:overworld
[00:21:53] [Server thread/INFO]: Preparing spawn area: 0%
[00:21:53] [Server thread/INFO]: Preparing spawn area: 0%
[00:21:53] [Server thread/INFO]: Preparing spawn area: 0%
[00:21:54] [Server thread/INFO]: Time elapsed: 1499 ms
[00:21:54] [Server thread/INFO]: Done (4.682s)! For help, type "help"
[00:24:05] [User Authenticator #1/INFO]: UUID of player Ioan_Andrei is 7a58a61c-5ca1-4b7d-97b6-19e75193b9b3
[00:24:05] [Server thread/INFO]: Ioan_Andrei[/127.0.0.1:62613] logged in with entity id 353 at (-247.06858210569834, 58.0, -120.30184845562843)
[00:24:05] [Server thread/INFO]: Ioan_Andrei joined the game
[00:24:35] [Server thread/WARN]: Can't keep up! Is the server overloaded? Running 2309ms or 46 ticks behind
[00:25:24] [Server thread/INFO]: Ioan_Andrei was slain by Zombie Pigman
[00:26:02] [Server thread/INFO]: Ioan_Andrei was burnt to a crisp whilst fighting Zombie Pigman
[00:26:39] [Server thread/INFO]: Ioan_Andrei was slain by Zombie Pigman
[00:26:59] [Server thread/WARN]: Can't keep up! Is the server overloaded? Running 2407ms or 48 ticks behind
[00:27:05] [Server thread/INFO]: Ioan_Andrei was slain by Zombie Pigman
[00:28:02] [Server thread/INFO]: Ioan_Andrei was slain by Zombie Pigman
[00:28:41] [Server thread/INFO]: Ioan_Andrei was slain by Zombie Pigman
[00:29:18] [Server thread/INFO]: Ioan_Andrei tried to swim in lava to escape Zombie Pigman
[00:29:51] [Server thread/INFO]: Ioan_Andrei was slain by Zombie Pigman
[00:30:23] [Server thread/INFO]: Ioan_Andrei was slain by Zombie Pigman
[00:31:17] [Server thread/INFO]: Ioan_Andrei went up in flames
[00:31:36] [Server thread/INFO]: Ioan_Andrei was slain by Zombie Pigman
[00:32:10] [Server thread/INFO]: Ioan_Andrei was slain by Zombie Pigman
[00:32:56] [Server thread/INFO]: Ioan_Andrei was slain by Zombie Pigman
[00:34:21] [Server thread/INFO]: Ioan_Andrei was slain by Zombie Pigman
[00:36:00] [Server thread/INFO]: Ioan_Andrei was slain by Zombie Pigman
[00:37:17] [Server thread/INFO]: Ioan_Andrei was slain by Zombie Pigman
[00:37:49] [Server thread/WARN]: Fetching packet for removed entity air['Experience Orb'/3773, l='world', x=-25.97, y=80.53, z=-15.96]
[00:37:54] [Server thread/INFO]: Ioan_Andrei was slain by Zombie Pigman
[00:38:10] [Server thread/INFO]: Ioan_Andrei was slain by Zombie Pigman
[00:38:28] [Server thread/INFO]: Ioan_Andrei was slain by Zombie Pigman
[00:39:00] [Server thread/INFO]: Ioan_Andrei was slain by Zombie Pigman
[00:39:25] [Server thread/INFO]: Ioan_Andrei was slain by Zombie Pigman
[00:42:33] [Server thread/INFO]: Ioan_Andrei was slain by Zombie Pigman
[00:56:41] [Server thread/WARN]: Can't keep up! Is the server overloaded? Running 15042ms or 300 ticks behind
[00:57:16] [Server thread/WARN]: Can't keep up! Is the server overloaded? Running 2010ms or 40 ticks behind
[01:02:18] [Server thread/WARN]: Can't keep up! Is the server overloaded? Running 2538ms or 50 ticks behind
[01:05:25] [Server thread/INFO]: Ioan_Andrei lost connection: Disconnected
[01:05:25] [Server thread/INFO]: Ioan_Andrei left the game
[01:05:28] [Server thread/INFO]: Stopping server
[01:05:28] [Server thread/INFO]: Saving players
[01:05:28] [Server thread/INFO]: Saving worlds
[01:05:28] [Server thread/INFO]: Saving chunks for level 'world'/minecraft:overworld
[01:05:28] [Server thread/INFO]: ThreadedAnvilChunkStorage (world): All chunks are saved
[01:05:28] [Server thread/INFO]: Saving chunks for level 'world'/minecraft:the_nether
[01:05:28] [Server thread/INFO]: ThreadedAnvilChunkStorage (DIM-1): All chunks are saved
[01:05:28] [Server thread/INFO]: Saving chunks for level 'world'/minecraft:the_end
[01:05:28] [Server thread/INFO]: ThreadedAnvilChunkStorage (DIM1): All chunks are saved
[01:05:28] [Server thread/INFO]: ThreadedAnvilChunkStorage (world): All chunks are saved
[01:05:28] [Server thread/INFO]: ThreadedAnvilChunkStorage (DIM-1): All chunks are saved
[01:05:28] [Server thread/INFO]: ThreadedAnvilChunkStorage (DIM1): All chunks are saved
